#
# There is insufficient memory for the Java Runtime Environment to continue.
# Native memory allocation (malloc) failed to allocate 1106576 bytes for Chunk::new
# Possible reasons:
#   The system is out of physical RAM or swap space
#   The process is running with CompressedOops enabled, and the Java Heap may be blocking the growth of the native heap
# Possible solutions:
#   Reduce memory load on the system
#   Increase physical memory or swap space
#   Check if swap backing store is full
#   Decrease Java heap size (-Xmx/-Xms)
#   Decrease number of Java threads
#   Decrease Java thread stack sizes (-Xss)
#   Set larger code cache with -XX:ReservedCodeCacheSize=
#   JVM is running with Unscaled Compressed Oops mode in which the Java heap is
#     placed in the first 4GB address space. The Java Heap base address is the
#     maximum limit for the native heap growth. Please use -XX:HeapBaseMinAddress
#     to set the Java Heap base and to place the Java Heap above 4GB virtual address.
# This output file may be truncated or incomplete.
#
#  Out of Memory Error (allocation.cpp:389), pid=5236, tid=0x0000000000001fec
#
# JRE version: OpenJDK Runtime Environment (8.0_242-b01) (build 1.8.0_242-release-1644-b01)
# Java VM: OpenJDK 64-Bit Server VM (25.242-b01 mixed mode windows-amd64 compressed oops)
# Failed to write core dump. Minidumps are not enabled by default on client versions of Windows
#

---------------  T H R E A D  ---------------

Current thread (0x000000001811b000):  JavaThread "C2 CompilerThread1" daemon [_thread_in_native, id=8172, stack(0x0000000019870000,0x0000000019970000)]

Stack: [0x0000000019870000,0x0000000019970000]
[error occurred during error reporting (printing stack bounds), id 0xc0000005]

Native frames: (J=compiled Java code, j=interpreted, Vv=VM code, C=native code)


Current CompileTask:
C2: 506468 24139       4       com.android.tools.r8.graph.L0::a (57 bytes)


---------------  P R O C E S S  ---------------

Java Threads: ( => current thread )
  0x000000001e2d3800 JavaThread "RMI RenewClean-[127.0.0.1:17872,org.jetbrains.kotlin.daemon.common.LoopbackNetworkInterface$ClientLoopbackSocketFactory@7ba5f3d]" daemon [_thread_blocked, id=13624, stack(0x000000001d790000,0x000000001d890000)]
  0x0000000022608800 JavaThread "ForkJoinPool-3-worker-0" daemon [_thread_blocked, id=12608, stack(0x000000002ca70000,0x000000002cb70000)]
  0x0000000022607000 JavaThread "ForkJoinPool-3-worker-3" daemon [_thread_blocked, id=7968, stack(0x000000002afd0000,0x000000002b0d0000)]
  0x0000000022604000 JavaThread "ForkJoinPool-3-worker-2" daemon [_thread_in_Java, id=9368, stack(0x000000002a880000,0x000000002a980000)]
  0x0000000022606800 JavaThread "ForkJoinPool-3-worker-1" daemon [_thread_in_native, id=3612, stack(0x0000000029b00000,0x0000000029c00000)]
  0x000000001b23c000 JavaThread "ForkJoinPool.commonPool-worker-3" daemon [_thread_blocked, id=9444, stack(0x000000002b0d0000,0x000000002b1d0000)]
  0x000000001e2ce800 JavaThread "WorkerExecutor Queue Thread 5" [_thread_in_native, id=11648, stack(0x0000000029a00000,0x0000000029b00000)]
  0x000000001e2d6000 JavaThread "RMI TCP Connection(5)-127.0.0.1" daemon [_thread_in_native, id=4512, stack(0x000000002aad0000,0x000000002abd0000)]
  0x000000001e2d5000 JavaThread "stdout" [_thread_in_native, id=8116, stack(0x000000002a9d0000,0x000000002aad0000)]
  0x000000001e2d4800 JavaThread "stderr" [_thread_in_native, id=4612, stack(0x000000002a350000,0x000000002a450000)]
  0x000000001e2ca800 JavaThread "stdout" [_thread_in_native, id=6188, stack(0x000000002a780000,0x000000002a880000)]
  0x000000001e2cf000 JavaThread "stderr" [_thread_in_native, id=8436, stack(0x000000002a680000,0x000000002a780000)]
  0x000000001e2cb800 JavaThread "stdout" [_thread_in_native, id=11804, stack(0x000000002a580000,0x000000002a680000)]
  0x000000001e2cd000 JavaThread "stderr" [_thread_in_native, id=11180, stack(0x000000002a480000,0x000000002a580000)]
  0x000000001e2cd800 JavaThread "stdout" [_thread_in_native, id=12316, stack(0x000000002a250000,0x000000002a350000)]
  0x000000001e2d1800 JavaThread "stderr" [_thread_in_native, id=14272, stack(0x000000002a150000,0x000000002a250000)]
  0x000000001e2cc000 JavaThread "pool-7-thread-1" [_thread_blocked, id=9892, stack(0x000000002a050000,0x000000002a150000)]
  0x000000001e2d0800 JavaThread "WorkerExecutor Queue Thread 4" [_thread_blocked, id=14160, stack(0x0000000029f50000,0x000000002a050000)]
  0x000000001e2d0000 JavaThread "WorkerExecutor Queue Thread 3" [_thread_blocked, id=7752, stack(0x0000000029c00000,0x0000000029d00000)]
  0x000000001bbed000 JavaThread "WorkerExecutor Queue" [_thread_blocked, id=2472, stack(0x00000000290e0000,0x00000000291e0000)]
  0x000000001bbea000 JavaThread "Cache worker for execution history cache (D:\CarsListingProject\AndroidApps\.gradle\6.1.1\executionHistory)" [_thread_blocked, id=6344, stack(0x00000000287e0000,0x00000000288e0000)]
  0x000000001bbf1000 JavaThread "Execution worker for ':' Thread 3" [_thread_blocked, id=11956, stack(0x00000000283e0000,0x00000000284e0000)]
  0x0000000026224800 JavaThread "Execution worker for ':' Thread 2" [_thread_in_native, id=6524, stack(0x0000000027fd0000,0x00000000280d0000)]
  0x0000000026223800 JavaThread "Execution worker for ':'" [_thread_blocked, id=12172, stack(0x0000000027ad0000,0x0000000027bd0000)]
  0x0000000026221800 JavaThread "Cache worker for file content cache (D:\CarsListingProject\AndroidApps\.gradle\6.1.1\fileContent)" [_thread_blocked, id=1796, stack(0x00000000272a0000,0x00000000273a0000)]
  0x0000000026220800 JavaThread "Cache worker for Build Output Cleanup Cache (D:\CarsListingProject\AndroidApps\.gradle\buildOutputCleanup)" [_thread_blocked, id=11780, stack(0x0000000026fa0000,0x00000000270a0000)]
  0x0000000026219000 JavaThread "Build operations Thread 4" [_thread_blocked, id=3412, stack(0x0000000026ca0000,0x0000000026da0000)]
  0x0000000026218800 JavaThread "Build operations Thread 3" [_thread_blocked, id=3812, stack(0x00000000259a0000,0x0000000025aa0000)]
  0x000000002621f000 JavaThread "Build operations Thread 2" [_thread_blocked, id=1308, stack(0x00000000256a0000,0x00000000257a0000)]
  0x0000000020b60800 JavaThread "Build operations" [_thread_blocked, id=12704, stack(0x0000000024160000,0x0000000024260000)]
  0x0000000020b67000 JavaThread "Cache worker for cache directory md-rule (C:\Users\jayson\.gradle\caches\6.1.1\md-rule)" [_thread_blocked, id=12060, stack(0x00000000208e0000,0x00000000209e0000)]
  0x0000000020b5f800 JavaThread "Cache worker for cache directory md-supplier (C:\Users\jayson\.gradle\caches\6.1.1\md-supplier)" [_thread_blocked, id=7100, stack(0x0000000020530000,0x0000000020630000)]
  0x0000000020b5f000 JavaThread "Cache worker for file hash cache (D:\CarsListingProject\AndroidApps\.gradle\6.1.1\fileHashes)" [_thread_blocked, id=5136, stack(0x0000000020430000,0x0000000020530000)]
  0x0000000020b65800 JavaThread "Cache worker for checksums cache (D:\CarsListingProject\AndroidApps\.gradle\checksums)" [_thread_blocked, id=11540, stack(0x0000000020130000,0x0000000020230000)]
  0x0000000020b5e000 JavaThread "Thread-75" [_thread_blocked, id=8772, stack(0x000000001d990000,0x000000001da90000)]
  0x0000000020b5b800 JavaThread "Asynchronous log dispatcher for DefaultDaemonConnection: socket connection from /127.0.0.1:60384 to /127.0.0.1:60431" [_thread_blocked, id=6724, stack(0x000000001d690000,0x000000001d790000)]
  0x0000000020b62800 JavaThread "Cancel handler" [_thread_blocked, id=8160, stack(0x000000001d290000,0x000000001d390000)]
  0x000000001b23b000 JavaThread "Handler for socket connection from /127.0.0.1:60384 to /127.0.0.1:60431" [_thread_in_native, id=9072, stack(0x000000001d190000,0x000000001d290000)]
  0x000000002621a000 JavaThread "Daemon worker Thread 2" [_thread_blocked, id=1460, stack(0x000000001d590000,0x000000001d690000)]
  0x000000002621c000 JavaThread "Daemon Thread 2" [_thread_blocked, id=13380, stack(0x00000000017e0000,0x00000000018e0000)]
  0x000000002621b800 JavaThread "RMI RenewClean-[127.0.0.1:17482,org.jetbrains.kotlin.daemon.common.LoopbackNetworkInterface$ClientLoopbackSocketFactory@3605baaa]" daemon [_thread_blocked, id=9028, stack(0x000000001d890000,0x000000001d990000)]
  0x000000001b236800 JavaThread "RMI Reaper" [_thread_blocked, id=4128, stack(0x00000000286e0000,0x00000000287e0000)]
  0x000000001b23a800 JavaThread "RMI TCP Accept-0" daemon [_thread_in_native, id=1444, stack(0x00000000285e0000,0x00000000286e0000)]
  0x000000001b237800 JavaThread "GC Daemon" daemon [_thread_blocked, id=9464, stack(0x00000000284e0000,0x00000000285e0000)]
  0x0000000026226800 JavaThread "RMI Scheduler(0)" daemon [_thread_blocked, id=2524, stack(0x00000000282e0000,0x00000000283e0000)]
  0x0000000020b62000 JavaThread "Cache worker for file content cache (C:\Users\jayson\.gradle\caches\6.1.1\fileContent)" [_thread_blocked, id=13284, stack(0x0000000024f60000,0x0000000025060000)]
  0x0000000020b65000 JavaThread "Memory manager" [_thread_blocked, id=1132, stack(0x0000000024e60000,0x0000000024f60000)]
  0x000000001bbeb000 JavaThread "Cache worker for execution history cache (C:\Users\jayson\.gradle\caches\6.1.1\executionHistory)" [_thread_blocked, id=7980, stack(0x0000000021a90000,0x0000000021b90000)]
  0x000000001bbf0000 JavaThread "Cache worker for file hash cache (C:\Users\jayson\.gradle\caches\6.1.1\fileHashes)" [_thread_blocked, id=6928, stack(0x000000001de90000,0x000000001df90000)]
  0x000000001bbee000 JavaThread "File lock request listener" [_thread_in_native, id=7964, stack(0x000000001dd90000,0x000000001de90000)]
  0x000000001bd2c800 JavaThread "Cache worker for journal cache (C:\Users\jayson\.gradle\caches\journal-1)" [_thread_blocked, id=14196, stack(0x000000001dc90000,0x000000001dd90000)]
  0x000000001bb43800 JavaThread "Daemon periodic checks" [_thread_blocked, id=1452, stack(0x000000001d090000,0x000000001d190000)]
  0x000000001bb52000 JavaThread "Incoming local TCP Connector on port 60384" [_thread_in_native, id=9888, stack(0x000000001ce50000,0x000000001cf50000)]
  0x0000000019b22800 JavaThread "Daemon health stats" [_thread_blocked, id=2872, stack(0x000000001c810000,0x000000001c910000)]
  0x000000001816e000 JavaThread "Service Thread" daemon [_thread_blocked, id=6580, stack(0x0000000019e70000,0x0000000019f70000)]
  0x000000001812b000 JavaThread "C1 CompilerThread2" daemon [_thread_blocked, id=1736, stack(0x0000000019970000,0x0000000019a70000)]
=>0x000000001811b000 JavaThread "C2 CompilerThread1" daemon [_thread_in_native, id=8172, stack(0x0000000019870000,0x0000000019970000)]
  0x0000000018114800 JavaThread "C2 CompilerThread0" daemon [_thread_in_native, id=6024, stack(0x0000000019770000,0x0000000019870000)]
  0x0000000018113000 JavaThread "Attach Listener" daemon [_thread_blocked, id=7572, stack(0x0000000019670000,0x0000000019770000)]
  0x0000000018112000 JavaThread "Signal Dispatcher" daemon [_thread_blocked, id=11024, stack(0x0000000019570000,0x0000000019670000)]
  0x00000000034ed000 JavaThread "Finalizer" daemon [_thread_blocked, id=4116, stack(0x0000000019370000,0x0000000019470000)]
  0x00000000180f9000 JavaThread "Reference Handler" daemon [_thread_blocked, id=3648, stack(0x0000000019270000,0x0000000019370000)]
  0x00000000033ee800 JavaThread "main" [_thread_blocked, id=10484, stack(0x00000000031f0000,0x00000000032f0000)]

Other Threads:
  0x00000000180d6000 VMThread [stack: 0x0000000019170000,0x0000000019270000] [id=7892]
  0x0000000019a9b800 WatcherThread [stack: 0x0000000019f70000,0x000000001a070000] [id=8300]

VM state:not at safepoint (normal execution)

VM Mutex/Monitor currently owned by a thread:  ([mutex/lock_event])
[0x00000000033ed160] OsrList_lock - owner thread: 0x0000000000000000

heap address: 0x0000000080000000, size: 2048 MB, Compressed Oops mode: 32-bit
Narrow klass base: 0x0000000000000000, Narrow klass shift: 3
Compressed class space size: 1073741824 Address: 0x0000000100000000

Heap:
 PSYoungGen      total 577024K, used 392501K [0x00000000d5580000, 0x0000000100000000, 0x0000000100000000)
  eden space 514560K, 76% used [0x00000000d5580000,0x00000000ed4cd7c0,0x00000000f4c00000)
  from space 62464K, 0% used [0x00000000fc300000,0x00000000fc300000,0x0000000100000000)
  to   space 92160K, 0% used [0x00000000f4c00000,0x00000000f4c00000,0x00000000fa600000)
 ParOldGen       total 189440K, used 189273K [0x0000000080000000, 0x000000008b900000, 0x00000000d5580000)
  object space 189440K, 99% used [0x0000000080000000,0x000000008b8d6650,0x000000008b900000)
 Metaspace       used 125185K, capacity 130798K, committed 130968K, reserved 1163264K
  class space    used 15827K, capacity 16999K, committed 17072K, reserved 1048576K

Card table byte_map: [0x00000000128b0000,0x0000000012cc0000] byte_map_base: 0x00000000124b0000

Marking Bits: (ParMarkBitMap*) 0x00000000699ef030
 Begin Bits: [0x0000000013370000, 0x0000000015370000)
 End Bits:   [0x0000000015370000, 0x0000000017370000)

Polling page: 0x0000000001900000

CodeCache: size=245760Kb used=66158Kb max_used=66158Kb free=179601Kb
 bounds [0x00000000034f0000, 0x00000000075f0000, 0x00000000124f0000]
 total_blobs=20030 nmethods=19095 adapters=847
 compilation: enabled

Compilation events (10 events):
Event: 506.461 Thread 0x000000001812b000 24259       2       com.android.tools.r8.dex.t::a (46 bytes)
Event: 506.462 Thread 0x000000001812b000 nmethod 24259 0x00000000075e0350 code [0x00000000075e04c0, 0x00000000075e0648]
Event: 506.462 Thread 0x000000001812b000 24257       2       com.android.tools.r8.dex.r$$Lambda$935/942740555::accept (12 bytes)
Event: 506.462 Thread 0x000000001812b000 nmethod 24257 0x00000000075e0710 code [0x00000000075e0880, 0x00000000075e0a28]
Event: 506.463 Thread 0x000000001812b000 24261       2       com.android.tools.r8.dex.r$$Lambda$937/1139115283::accept (12 bytes)
Event: 506.464 Thread 0x000000001812b000 nmethod 24261 0x00000000075e0b10 code [0x00000000075e0c80, 0x00000000075e0e28]
Event: 506.464 Thread 0x000000001812b000 24262       2       com.android.tools.r8.dex.r::a (48 bytes)
Event: 506.464 Thread 0x000000001812b000 nmethod 24262 0x00000000075e0f10 code [0x00000000075e10a0, 0x00000000075e1378]
Event: 506.464 Thread 0x000000001812b000 24263       2       com.android.tools.r8.dex.t::a (35 bytes)
Event: 506.464 Thread 0x000000001812b000 nmethod 24263 0x00000000075e1710 code [0x00000000075e1880, 0x00000000075e1a08]

GC Heap History (10 events):
Event: 455.316 GC heap before
{Heap before GC invocations=21 (full 5):
 PSYoungGen      total 640512K, used 582144K [0x00000000d5580000, 0x0000000100000000, 0x0000000100000000)
  eden space 582144K, 100% used [0x00000000d5580000,0x00000000f8e00000,0x00000000f8e00000)
  from space 58368K, 0% used [0x00000000f8e00000,0x00000000f8e00000,0x00000000fc700000)
  to   space 55296K, 0% used [0x00000000fca00000,0x00000000fca00000,0x0000000100000000)
 ParOldGen       total 189440K, used 88541K [0x0000000080000000, 0x000000008b900000, 0x00000000d5580000)
  object space 189440K, 46% used [0x0000000080000000,0x0000000085677698,0x000000008b900000)
 Metaspace       used 109329K, capacity 114182K, committed 114584K, reserved 1148928K
  class space    used 13890K, capacity 14925K, committed 15024K, reserved 1048576K
Event: 455.386 GC heap after
Heap after GC invocations=21 (full 5):
 PSYoungGen      total 628224K, used 51835K [0x00000000d5580000, 0x0000000100000000, 0x0000000100000000)
  eden space 572928K, 0% used [0x00000000d5580000,0x00000000d5580000,0x00000000f8500000)
  from space 55296K, 93% used [0x00000000fca00000,0x00000000ffc9ee40,0x0000000100000000)
  to   space 62976K, 0% used [0x00000000f8500000,0x00000000f8500000,0x00000000fc280000)
 ParOldGen       total 189440K, used 88549K [0x0000000080000000, 0x000000008b900000, 0x00000000d5580000)
  object space 189440K, 46% used [0x0000000080000000,0x0000000085679698,0x000000008b900000)
 Metaspace       used 109329K, capacity 114182K, committed 114584K, reserved 1148928K
  class space    used 13890K, capacity 14925K, committed 15024K, reserved 1048576K
}
Event: 488.954 GC heap before
{Heap before GC invocations=22 (full 5):
 PSYoungGen      total 628224K, used 624763K [0x00000000d5580000, 0x0000000100000000, 0x0000000100000000)
  eden space 572928K, 100% used [0x00000000d5580000,0x00000000f8500000,0x00000000f8500000)
  from space 55296K, 93% used [0x00000000fca00000,0x00000000ffc9ee40,0x0000000100000000)
  to   space 62976K, 0% used [0x00000000f8500000,0x00000000f8500000,0x00000000fc280000)
 ParOldGen       total 189440K, used 88549K [0x0000000080000000, 0x000000008b900000, 0x00000000d5580000)
  object space 189440K, 46% used [0x0000000080000000,0x0000000085679698,0x000000008b900000)
 Metaspace       used 110471K, capacity 115452K, committed 115608K, reserved 1150976K
  class space    used 13975K, capacity 15018K, committed 15024K, reserved 1048576K
Event: 488.970 GC heap after
Heap after GC invocations=22 (full 5):
 PSYoungGen      total 635904K, used 7221K [0x00000000d5580000, 0x0000000100000000, 0x0000000100000000)
  eden space 572928K, 0% used [0x00000000d5580000,0x00000000d5580000,0x00000000f8500000)
  from space 62976K, 11% used [0x00000000f8500000,0x00000000f8c0d6d0,0x00000000fc280000)
  to   space 62464K, 0% used [0x00000000fc300000,0x00000000fc300000,0x0000000100000000)
 ParOldGen       total 189440K, used 102506K [0x0000000080000000, 0x000000008b900000, 0x00000000d5580000)
  object space 189440K, 54% used [0x0000000080000000,0x000000008641aab8,0x000000008b900000)
 Metaspace       used 110471K, capacity 115452K, committed 115608K, reserved 1150976K
  class space    used 13975K, capacity 15018K, committed 15024K, reserved 1048576K
}
Event: 496.565 GC heap before
{Heap before GC invocations=23 (full 5):
 PSYoungGen      total 635904K, used 580149K [0x00000000d5580000, 0x0000000100000000, 0x0000000100000000)
  eden space 572928K, 100% used [0x00000000d5580000,0x00000000f8500000,0x00000000f8500000)
  from space 62976K, 11% used [0x00000000f8500000,0x00000000f8c0d6d0,0x00000000fc280000)
  to   space 62464K, 0% used [0x00000000fc300000,0x00000000fc300000,0x0000000100000000)
 ParOldGen       total 189440K, used 102506K [0x0000000080000000, 0x000000008b900000, 0x00000000d5580000)
  object space 189440K, 54% used [0x0000000080000000,0x000000008641aab8,0x000000008b900000)
 Metaspace       used 119902K, capacity 125140K, committed 125208K, reserved 1159168K
  class space    used 15061K, capacity 16160K, committed 16176K, reserved 1048576K
Event: 496.660 GC heap after
Heap after GC invocations=23 (full 5):
 PSYoungGen      total 577024K, used 62435K [0x00000000d5580000, 0x0000000100000000, 0x0000000100000000)
  eden space 514560K, 0% used [0x00000000d5580000,0x00000000d5580000,0x00000000f4c00000)
  from space 62464K, 99% used [0x00000000fc300000,0x00000000ffff8c30,0x0000000100000000)
  to   space 92160K, 0% used [0x00000000f4c00000,0x00000000f4c00000,0x00000000fa600000)
 ParOldGen       total 189440K, used 154718K [0x0000000080000000, 0x000000008b900000, 0x00000000d5580000)
  object space 189440K, 81% used [0x0000000080000000,0x0000000089717a00,0x000000008b900000)
 Metaspace       used 119902K, capacity 125140K, committed 125208K, reserved 1159168K
  class space    used 15061K, capacity 16160K, committed 16176K, reserved 1048576K
}
Event: 496.660 GC heap before
{Heap before GC invocations=24 (full 6):
 PSYoungGen      total 577024K, used 62435K [0x00000000d5580000, 0x0000000100000000, 0x0000000100000000)
  eden space 514560K, 0% used [0x00000000d5580000,0x00000000d5580000,0x00000000f4c00000)
  from space 62464K, 99% used [0x00000000fc300000,0x00000000ffff8c30,0x0000000100000000)
  to   space 92160K, 0% used [0x00000000f4c00000,0x00000000f4c00000,0x00000000fa600000)
 ParOldGen       total 189440K, used 154718K [0x0000000080000000, 0x000000008b900000, 0x00000000d5580000)
  object space 189440K, 81% used [0x0000000080000000,0x0000000089717a00,0x000000008b900000)
 Metaspace       used 119902K, capacity 125140K, committed 125208K, reserved 1159168K
  class space    used 15061K, capacity 16160K, committed 16176K, reserved 1048576K
Event: 497.384 GC heap after
Heap after GC invocations=24 (full 6):
 PSYoungGen      total 577024K, used 11206K [0x00000000d5580000, 0x0000000100000000, 0x0000000100000000)
  eden space 514560K, 0% used [0x00000000d5580000,0x00000000d5580000,0x00000000f4c00000)
  from space 62464K, 17% used [0x00000000fc300000,0x00000000fcdf18d8,0x0000000100000000)
  to   space 92160K, 0% used [0x00000000f4c00000,0x00000000f4c00000,0x00000000fa600000)
 ParOldGen       total 189440K, used 189299K [0x0000000080000000, 0x000000008b900000, 0x00000000d5580000)
  object space 189440K, 99% used [0x0000000080000000,0x000000008b8dccd8,0x000000008b900000)
 Metaspace       used 119898K, capacity 125134K, committed 125208K, reserved 1159168K
  class space    used 15060K, capacity 16159K, committed 16176K, reserved 1048576K
}
Event: 502.209 GC heap before
{Heap before GC invocations=25 (full 7):
 PSYoungGen      total 577024K, used 525766K [0x00000000d5580000, 0x0000000100000000, 0x0000000100000000)
  eden space 514560K, 100% used [0x00000000d5580000,0x00000000f4c00000,0x00000000f4c00000)
  from space 62464K, 17% used [0x00000000fc300000,0x00000000fcdf18d8,0x0000000100000000)
  to   space 92160K, 0% used [0x00000000f4c00000,0x00000000f4c00000,0x00000000fa600000)
 ParOldGen       total 189440K, used 189299K [0x0000000080000000, 0x000000008b900000, 0x00000000d5580000)
  object space 189440K, 99% used [0x0000000080000000,0x000000008b8dccd8,0x000000008b900000)
 Metaspace       used 122989K, capacity 128376K, committed 128536K, reserved 1161216K
  class space    used 15563K, capacity 16674K, committed 16688K, reserved 1048576K
Event: 503.011 GC heap after
Heap after GC invocations=25 (full 7):
 PSYoungGen      total 577024K, used 21998K [0x00000000d5580000, 0x0000000100000000, 0x0000000100000000)
  eden space 514560K, 4% used [0x00000000d5580000,0x00000000d6afbbd8,0x00000000f4c00000)
  from space 62464K, 0% used [0x00000000fc300000,0x00000000fc300000,0x0000000100000000)
  to   space 92160K, 0% used [0x00000000f4c00000,0x00000000f4c00000,0x00000000fa600000)
 ParOldGen       total 189440K, used 189273K [0x0000000080000000, 0x000000008b900000, 0x00000000d5580000)
  object space 189440K, 99% used [0x0000000080000000,0x000000008b8d6650,0x000000008b900000)
 Metaspace       used 122961K, capacity 128300K, committed 128536K, reserved 1161216K
  class space    used 15553K, capacity 16656K, committed 16688K, reserved 1048576K
}

Deoptimization events (10 events):
Event: 505.717 Thread 0x0000000022606800 Uncommon trap: reason=unstable_if action=reinterpret pc=0x0000000007416810 method=java.util.TimSort.mergeLo(IIII)V @ 105
Event: 505.718 Thread 0x0000000022606800 Uncommon trap: reason=unstable_if action=reinterpret pc=0x00000000074da5ec method=java.util.TimSort.mergeHi(IIII)V @ 131
Event: 505.760 Thread 0x0000000022604000 Uncommon trap: reason=unstable_if action=reinterpret pc=0x0000000007289060 method=com.android.tools.r8.v.a.a.a.f.X.a(ILjava/lang/Object;)Ljava/lang/Object; @ 95
Event: 505.776 Thread 0x0000000022604000 Uncommon trap: reason=unstable_if action=reinterpret pc=0x00000000058361a4 method=java.util.LinkedList$ListItr.remove()V @ 47
Event: 506.074 Thread 0x0000000022606800 Uncommon trap: reason=unstable_if action=reinterpret pc=0x00000000070e63e0 method=com.android.tools.r8.v.a.a.a.h.F0.a(Ljava/lang/Object;I)I @ 69
Event: 506.078 Thread 0x0000000022606800 Uncommon trap: reason=unstable_if action=reinterpret pc=0x00000000073c2134 method=com.android.tools.r8.graph.E.b()Lcom/android/tools/r8/graph/L; @ 4
Event: 506.084 Thread 0x0000000022604000 Uncommon trap: reason=class_check action=maybe_recompile pc=0x0000000007591bcc method=com.android.tools.r8.graph.T.a(Lcom/android/tools/r8/dex/F;Lcom/android/tools/r8/dex/E;)V @ 2
Event: 506.085 Thread 0x0000000022604000 Uncommon trap: reason=class_check action=maybe_recompile pc=0x0000000007591bcc method=com.android.tools.r8.graph.T.a(Lcom/android/tools/r8/dex/F;Lcom/android/tools/r8/dex/E;)V @ 2
Event: 506.085 Thread 0x0000000022604000 Uncommon trap: reason=class_check action=maybe_recompile pc=0x0000000007591bcc method=com.android.tools.r8.graph.T.a(Lcom/android/tools/r8/dex/F;Lcom/android/tools/r8/dex/E;)V @ 2
Event: 506.085 Thread 0x0000000022604000 Uncommon trap: reason=class_check action=maybe_recompile pc=0x0000000007591bcc method=com.android.tools.r8.graph.T.a(Lcom/android/tools/r8/dex/F;Lcom/android/tools/r8/dex/E;)V @ 2

Classes redefined (0 events):
No events

Internal exceptions (10 events):
Event: 500.197 Thread 0x0000000026224800 Exception <a 'java/net/ConnectException': Connection refused: connect> (0x00000000e6d6aaf8) thrown at [C:\src\AOSP-openjdk-git\hotspot\src\share\vm\prims\jni.cpp, line 737]
Event: 500.905 Thread 0x000000001e2d0000 Exception <a 'sun/nio/fs/WindowsException'> (0x00000000e8d91750) thrown at [C:\src\AOSP-openjdk-git\hotspot\src\share\vm\prims\jni.cpp, line 710]
Event: 501.962 Thread 0x0000000022606800 Implicit null exception at 0x0000000003ebea2f to 0x0000000003ebeb21
Event: 501.962 Thread 0x0000000022604000 Implicit null exception at 0x0000000003ebea2f to 0x0000000003ebeb21
Event: 501.962 Thread 0x0000000022607000 Implicit null exception at 0x0000000003ebea2f to 0x0000000003ebeb21
Event: 501.962 Thread 0x0000000022608800 Implicit null exception at 0x0000000003ebea2f to 0x0000000003ebeb21
Event: 503.012 Thread 0x0000000026224800 Exception <a 'java/net/ConnectException': Connection refused: connect> (0x00000000d6c73f50) thrown at [C:\src\AOSP-openjdk-git\hotspot\src\share\vm\prims\jni.cpp, line 737]
Event: 503.673 Thread 0x000000001e2d0000 Implicit null exception at 0x00000000072332b4 to 0x00000000072335a6
Event: 505.058 Thread 0x0000000026224800 Exception <a 'java/net/ConnectException': Connection refused: connect> (0x00000000d6c74fe8) thrown at [C:\src\AOSP-openjdk-git\hotspot\src\share\vm\prims\jni.cpp, line 737]
Event: 505.262 Thread 0x0000000022606800 Implicit null exception at 0x000000000721324f to 0x00000000072133b1

Events (10 events):
Event: 506.460 loading class com/android/tools/r8/dex/r
Event: 506.460 loading class com/android/tools/r8/dex/r done
Event: 506.462 loading class com/android/tools/r8/dex/s
Event: 506.462 loading class com/android/tools/r8/dex/s done
Event: 506.463 loading class com/android/tools/r8/graph/e0
Event: 506.463 loading class com/android/tools/r8/graph/e0 done
Event: 506.463 loading class com/android/tools/r8/graph/e0
Event: 506.463 loading class com/android/tools/r8/graph/e0 done
Event: 506.463 loading class com/android/tools/r8/dex/r
Event: 506.463 loading class com/android/tools/r8/dex/r done


Dynamic libraries:
0x00007ff7c3980000 - 0x00007ff7c39b1000 	C:\Program Files\Android\Android Studio\jre\bin\java.exe
0x00007fffb03b0000 - 0x00007fffb05a5000 	C:\WINDOWS\SYSTEM32\ntdll.dll
0x00007fffaf1f0000 - 0x00007fffaf2ad000 	C:\WINDOWS\System32\KERNEL32.DLL
0x00007fffadaf0000 - 0x00007fffaddb7000 	C:\WINDOWS\System32\KERNELBASE.dll
0x00007fffaed90000 - 0x00007fffaee3a000 	C:\WINDOWS\System32\ADVAPI32.dll
0x00007fffafed0000 - 0x00007fffaff6e000 	C:\WINDOWS\System32\msvcrt.dll
0x00007fffb02d0000 - 0x00007fffb036b000 	C:\WINDOWS\System32\sechost.dll
0x00007fffaeea0000 - 0x00007fffaefc4000 	C:\WINDOWS\System32\RPCRT4.dll
0x00007fffb0120000 - 0x00007fffb02c0000 	C:\WINDOWS\System32\USER32.dll
0x00007fffade10000 - 0x00007fffade32000 	C:\WINDOWS\System32\win32u.dll
0x00007fffaff70000 - 0x00007fffaff9a000 	C:\WINDOWS\System32\GDI32.dll
0x00007fffae300000 - 0x00007fffae409000 	C:\WINDOWS\System32\gdi32full.dll
0x00007fffae000000 - 0x00007fffae09d000 	C:\WINDOWS\System32\msvcp_win.dll
0x00007fffae0a0000 - 0x00007fffae1a0000 	C:\WINDOWS\System32\ucrtbase.dll
0x00007fff962f0000 - 0x00007fff9658b000 	C:\WINDOWS\WinSxS\amd64_microsoft.windows.common-controls_6595b64144ccf1df_6.0.19041.488_none_ca04af081b815d21\COMCTL32.dll
0x00007fffae950000 - 0x00007fffae980000 	C:\WINDOWS\System32\IMM32.DLL
0x0000000069060000 - 0x0000000069132000 	C:\Program Files\Android\Android Studio\jre\jre\bin\msvcr100.dll
0x0000000069220000 - 0x0000000069a6b000 	C:\Program Files\Android\Android Studio\jre\jre\bin\server\jvm.dll
0x00007fffb02c0000 - 0x00007fffb02c8000 	C:\WINDOWS\System32\PSAPI.DLL
0x00007fffaa490000 - 0x00007fffaa499000 	C:\WINDOWS\SYSTEM32\WSOCK32.dll
0x00007fffa7b80000 - 0x00007fffa7b8a000 	C:\WINDOWS\SYSTEM32\VERSION.dll
0x00007fffa44b0000 - 0x00007fffa44d7000 	C:\WINDOWS\SYSTEM32\WINMM.dll
0x00007fffaffa0000 - 0x00007fffb000b000 	C:\WINDOWS\System32\WS2_32.dll
0x00007fffa70b0000 - 0x00007fffa70bf000 	C:\Program Files\Android\Android Studio\jre\jre\bin\verify.dll
0x00007fffa4250000 - 0x00007fffa4279000 	C:\Program Files\Android\Android Studio\jre\jre\bin\java.dll
0x00007fffa6390000 - 0x00007fffa63a6000 	C:\Program Files\Android\Android Studio\jre\jre\bin\zip.dll
0x00007fffaf780000 - 0x00007fffafec1000 	C:\WINDOWS\System32\SHELL32.dll
0x00007fffabc50000 - 0x00007fffac3e3000 	C:\WINDOWS\SYSTEM32\windows.storage.dll
0x00007fffae410000 - 0x00007fffae765000 	C:\WINDOWS\System32\combase.dll
0x00007fffad490000 - 0x00007fffad4bc000 	C:\WINDOWS\SYSTEM32\Wldp.dll
0x00007fffae980000 - 0x00007fffaea2e000 	C:\WINDOWS\System32\SHCORE.dll
0x00007fffb00c0000 - 0x00007fffb0115000 	C:\WINDOWS\System32\shlwapi.dll
0x00007fffada20000 - 0x00007fffada46000 	C:\WINDOWS\SYSTEM32\profapi.dll
0x00007fffa5380000 - 0x00007fffa539a000 	C:\Program Files\Android\Android Studio\jre\jre\bin\net.dll
0x00007fffad210000 - 0x00007fffad27a000 	C:\WINDOWS\system32\mswsock.dll
0x00007fffa4040000 - 0x00007fffa4053000 	C:\Program Files\Android\Android Studio\jre\jre\bin\nio.dll
0x00007fff93990000 - 0x00007fff939b6000 	C:\Users\jayson\.gradle\native\31\windows-amd64\native-platform.dll
0x00007fffa6650000 - 0x00007fffa665d000 	C:\Program Files\Android\Android Studio\jre\jre\bin\management.dll
0x00007fffad3f0000 - 0x00007fffad408000 	C:\WINDOWS\SYSTEM32\CRYPTSP.dll
0x00007fffacba0000 - 0x00007fffacbd4000 	C:\WINDOWS\system32\rsaenh.dll
0x00007fffade40000 - 0x00007fffade67000 	C:\WINDOWS\System32\bcrypt.dll
0x00007fffad9e0000 - 0x00007fffada0e000 	C:\WINDOWS\SYSTEM32\USERENV.dll
0x00007fffadf80000 - 0x00007fffadfff000 	C:\WINDOWS\System32\bcryptprimitives.dll
0x00007fffad3e0000 - 0x00007fffad3ec000 	C:\WINDOWS\SYSTEM32\CRYPTBASE.dll
0x00007fffacf00000 - 0x00007fffacf3b000 	C:\WINDOWS\SYSTEM32\IPHLPAPI.DLL
0x00007fffaf1e0000 - 0x00007fffaf1e9000 	C:\WINDOWS\System32\NSI.dll
0x00007fffa6600000 - 0x00007fffa6617000 	C:\WINDOWS\SYSTEM32\dhcpcsvc6.DLL
0x00007fffa5c30000 - 0x00007fffa5c4d000 	C:\WINDOWS\SYSTEM32\dhcpcsvc.DLL
0x00007fffacf40000 - 0x00007fffad00b000 	C:\WINDOWS\SYSTEM32\DNSAPI.dll
0x00007fffa7800000 - 0x00007fffa781e000 	C:\Users\jayson\AppData\Local\Temp\native-platform4378948833038917550dir\native-platform.dll
0x00007fffac840000 - 0x00007fffac873000 	C:\WINDOWS\SYSTEM32\ntmarta.dll

VM Arguments:
jvm_args: -Xmx2048m -Dfile.encoding=windows-1252 -Duser.country=US -Duser.language=en -Duser.variant 
java_command: org.gradle.launcher.daemon.bootstrap.GradleDaemon 6.1.1
java_class_path (initial): C:\Users\jayson\.gradle\wrapper\dists\gradle-6.1.1-all\cfmwm155h49vnt3hynmlrsdst\gradle-6.1.1\lib\gradle-launcher-6.1.1.jar
Launcher Type: SUN_STANDARD

Environment Variables:
JAVA_HOME=C:\Program Files\Java\jdk-14.0.1
PATH=C:\Program Files (x86)\VMware\VMware Workstation\bin\;C:\Python38\Scripts\;C:\Python38\;C:\WINDOWS\system32;C:\WINDOWS;C:\WINDOWS\System32\Wbem;C:\WINDOWS\System32\WindowsPowerShell\v1.0\;C:\WINDOWS\System32\OpenSSH\;C:\Program Files (x86)\Bitvise SSH Client;C:\Program Files\Git\cmd;C:\Program Files\nodejs\;C:\ProgramData\chocolatey\bin;C:\Program Files\Java\jdk-14.0.1\bin;C:\Program Files (x86)\Yarn\bin\;C:\Program Files\MongoDB\Server\4.2\bin;C:\Program Files\Python37\Scripts\;C:\Program Files\Python37\;C:\Program Files\Scripts\;C:\Program Files\;C:\Users\jayson\AppData\Local\Microsoft\WindowsApps;C:\Users\jayson\AppData\Local\Programs\Microsoft VS Code\bin;C:\Users\jayson\AppData\Roaming\npm;C:\Users\jayson\AppData\Local\Yarn\bin;C:\Program Files\heroku\bin;%USERPROFILE%\AppData\Local\Microsoft\WindowsApps;
USERNAME=jayson
OS=Windows_NT
PROCESSOR_IDENTIFIER=Intel64 Family 6 Model 142 Stepping 9, GenuineIntel



---------------  S Y S T E M  ---------------

OS: Windows 10.0 , 64 bit Build 19041 (10.0.19041.292)

CPU:total 4 (initial active 4) (2 cores per cpu, 2 threads per core) family 6 model 142 stepping 9, cmov, cx8, fxsr, mmx, sse, sse2, sse3, ssse3, sse4.1, sse4.2, popcnt, avx, avx2, aes, clmul, erms, 3dnowpref, lzcnt, ht, tsc, tscinvbit, bmi1, bmi2, adx

Memory: 4k page, physical 8260236k(373964k free), swap 10357388k(4376k free)

vm_info: OpenJDK 64-Bit Server VM (25.242-b01) for windows-amd64 JRE (1.8.0_242-release-1644-b01), built by "builder" with MS VC++ 10.0 (VS2010)

time: Mon Oct 12 22:15:22 2020
timezone: E. Africa Standard Time
elapsed time: 506 seconds (0d 0h 8m 26s)

